

=== NEW INTERACTION: user_123_aa89f3b2-f800-5bc9-83d8-8663b9b11e4f ===
SUBTOPICS_CONTEXT:
- ID: "fba33b34-0a78-5a63-aa45-4deaa817f085" | Name: "Applications (Field due to infinite wire, Field due to infinite plane sheet, Field due to spherical shell)"
- ID: "ce64c988-b8a7-565d-adec-ab9f5e2d5dd0" | Name: "Mathematical form"
- ID: "05f2dd5c-1cd2-5de3-a530-a86f4349cd49" | Name: "Statement of Gauss law"
RAW REPLY_ACCUM:
Understood! Your confidence in potential difference is excellent and will certainly be a good foundation for many physics concepts.

However, just to reiterate, our main focus right now is to master Gauss's Law, and "Potential difference" isn't one of the specific subtopics we're assessing for that.

Let's make sure we get a solid grasp on Gauss's Law itself, starting with its core idea.

So, are you ready to dive into the **Statement of Gauss's Law**? This is where we truly begin our journey into this powerful theorem!

---

**Statement of Gauss's Law:**

At its heart, Gauss's Law is a fundamental principle in electromagnetism that relates the distribution of electric charge to the resulting electric field. It's a really elegant way to calculate electric fields, especially for symmetric charge distributions.

The law states:

"The electric flux over any closed surface is $\frac{1}{\varepsilon_0}$ times the total charge enclosed by that surface."

Let's break that down:
*   **Electric Flux ($\phi_E$)**: Imagine you have an electric field passing through a surface. Electric flux is a measure of the "number of electric field lines" passing through that surface. It tells us how much electric field "flows" through a given area.
*   **Closed Surface**: This is crucial! Gauss's Law only applies to closed surfaces, which we often call a "Gaussian surface." Think of a sphere, a cube, or any imaginary surface that completely encloses a volume.
*   **Total Charge Enclosed ($\sum q$)**: This refers to all the electric charges that are *inside* that closed Gaussian surface. Any charges outside the surface do not contribute to the *net* flux through that surface, though they do contribute to the electric field at points on the surface.
*   **$\varepsilon_0$ (epsilon naught)**: This is the permittivity of free space, a fundamental physical constant that describes the ability of an electric field to permeate a vacuum. Its value is approximately $8.854 \times 10^{-12} \text{ F/m}$ (Farads per meter).

So, in essence, Gauss's Law tells us that the total "flow" of electric field out of any closed surface is directly proportional to the total electric charge contained within that surface.

Does the idea of "electric flux" and the requirement for a "closed surface" make intuitive sense? Can you think of an everyday analogy for "flux" that might help solidify the concept?


SCORES_META:
{}
=== END ===


=== NEW INTERACTION: user_123_aa89f3b2-f800-5bc9-83d8-8663b9b11e4f ===
SUBTOPICS_CONTEXT:
- ID: "fba33b34-0a78-5a63-aa45-4deaa817f085" | Name: "Applications (Field due to infinite wire, Field due to infinite plane sheet, Field due to spherical shell)"
- ID: "ce64c988-b8a7-565d-adec-ab9f5e2d5dd0" | Name: "Mathematical form"
- ID: "05f2dd5c-1cd2-5de3-a530-a86f4349cd49" | Name: "Statement of Gauss law"
RAW REPLY_ACCUM:
Excellent! Let's solidify our understanding of the **Statement of Gauss's Law**.

As we discussed, this powerful law states:

**"The electric flux over any closed surface is $\frac{1}{\varepsilon_0}$ times the total charge enclosed by that surface."**

In simpler terms, it's telling us that the total 'outflow' of electric field from an imaginary closed surface (called a Gaussian surface) is directly proportional to the total electric charge trapped inside that surface.

We broke down the key terms:
*   **Electric Flux ($\phi_E$)**: The measure of how many electric field lines pass through a given surface. Think of it like the amount of water flowing through a net.
*   **Closed Surface**: An imaginary 3D surface that completely encloses a volume, like a balloon or a box.
*   **Total Charge Enclosed ($\sum q$)**: All the electric charges *inside* that closed surface.
*   **$\varepsilon_0$**: A fundamental constant, the permittivity of free space.

My previous question to you was: *Does the idea of "electric flux" and the requirement for a "closed surface" make intuitive sense? Can you think of an everyday analogy for "flux" that might help solidify the concept?*

Let's start there. How would you describe "electric flux" in your own words, perhaps using an analogy? And why do you think Gauss's Law specifically requires a *closed* surface?
SCORES_META:
{}
=== END ===


=== NEW INTERACTION: user_123_aa89f3b2-f800-5bc9-83d8-8663b9b11e4f ===
SUBTOPICS_CONTEXT:
- ID: "fba33b34-0a78-5a63-aa45-4deaa817f085" | Name: "Applications (Field due to infinite wire, Field due to infinite plane sheet, Field due to spherical shell)"
- ID: "ce64c988-b8a7-565d-adec-ab9f5e2d5dd0" | Name: "Mathematical form"
- ID: "05f2dd5c-1cd2-5de3-a530-a86f4349cd49" | Name: "Statement of Gauss law"
RAW REPLY_ACCUM:
Great! I'm ready to hear your thoughts.

So, to recap the questions from before:

1.  How would you describe **"electric flux"** in your own words, perhaps using an analogy?
2.  And why do you think Gauss's Law specifically requires a ***closed*** **surface**?

Take your time to explain!
SCORES_META:
{}
=== END ===


=== NEW INTERACTION: user_123_aa89f3b2-f800-5bc9-83d8-8663b9b11e4f ===
SUBTOPICS_CONTEXT:
- ID: "fba33b34-0a78-5a63-aa45-4deaa817f085" | Name: "Applications (Field due to infinite wire, Field due to infinite plane sheet, Field due to spherical shell)"
- ID: "ce64c988-b8a7-565d-adec-ab9f5e2d5dd0" | Name: "Mathematical form"
- ID: "05f2dd5c-1cd2-5de3-a530-a86f4349cd49" | Name: "Statement of Gauss law"
RAW REPLY_ACCUM:
Great question! The mathematical form elegantly captures the essence of Gauss's Law.

Based on our statement, "The electric flux over any closed surface is $\frac{1}{\varepsilon_0}$ times the total charge enclosed by that surface," the mathematical representation is:

$$ \phi_E = \oint_S \mathbf{E} \cdot d\mathbf{S} = \frac{\sum q}{\varepsilon_0} $$

Let's break down each part:

*   **$\phi_E$**: This is the symbol for **electric flux**. It represents the total "flow" of the electric field through the surface.
*   **$\oint_S$**: This is a crucial symbol! It's an integral sign with a circle through it, specifically meaning an integral over a **closed surface** ($S$). This reinforces the idea that Gauss's Law *only* applies to surfaces that completely enclose a volume.
*   **$\mathbf{E}$**: This is the **electric field vector**.
*   **$d\mathbf{S}$**: This is an infinitesimal **vector area element** of the closed surface. Its magnitude is the tiny area, and its direction is normal (perpendicular) to the surface, pointing outwards.
*   **$\mathbf{E} \cdot d\mathbf{S}$**: This is the **dot product** between the electric field and the area element. It effectively calculates how much of the electric field is passing *perpendicularly* through that small patch of area. Summing all these tiny contributions over the entire closed surface gives the total electric flux.
*   **$\sum q$**: This represents the **total charge enclosed** within the closed surface. Remember, *only* the charge inside matters!
*   **$\varepsilon_0$**: As we discussed, this is the **permittivity of free space**, a fundamental physical constant.

So, the equation essentially says: If you sum up all the electric field flowing out perpendicularly from every tiny piece of a closed surface, that total flow (flux) will be directly proportional to the amount of charge caught inside that surface.

Now, before we dive deeper into applications or more complex aspects, I want to ensure those foundational ideas are crystal clear. You said "yes" earlier when I asked about your understanding of "electric flux" and "closed surface." Could you elaborate on that?

1.  How would you describe **"electric flux"** in your own words, perhaps using an analogy?
2.  And why do you think Gauss's Law specifically requires a ***closed*** **surface**?

Your explanation of these will help me understand your grasp of the core concepts!


SCORES_META:
{}
=== END ===


=== NEW INTERACTION: user_123_aa89f3b2-f800-5bc9-83d8-8663b9b11e4f ===
SUBTOPICS_CONTEXT:
- ID: "fba33b34-0a78-5a63-aa45-4deaa817f085" | Name: "Applications (Field due to infinite wire, Field due to infinite plane sheet, Field due to spherical shell)"
- ID: "ce64c988-b8a7-565d-adec-ab9f5e2d5dd0" | Name: "Mathematical form"
- ID: "05f2dd5c-1cd2-5de3-a530-a86f4349cd49" | Name: "Statement of Gauss law"
RAW REPLY_ACCUM:
Alright, so you've seen the mathematical form, which is great! It's an essential part of understanding and applying Gauss's Law.

My goal now is to check your understanding of the foundational concepts that make up that mathematical form. You initially indicated you were confident in "electric flux" and "closed surface," and now you've seen how they appear in the equation.

To ensure we're building a solid understanding, could you now answer those two questions from earlier?

1.  How would you describe **"electric flux"** in your own words, perhaps using an analogy?
2.  And why do you think Gauss's Law specifically requires a ***closed*** **surface**?

Your responses will help me confirm your grasp of these critical components.


SCORES_META:
{}
=== END ===


=== NEW INTERACTION: user_123_aa89f3b2-f800-5bc9-83d8-8663b9b11e4f ===
SUBTOPICS_CONTEXT:
- ID: "fba33b34-0a78-5a63-aa45-4deaa817f085" | Name: "Applications (Field due to infinite wire, Field due to infinite plane sheet, Field due to spherical shell)"
- ID: "ce64c988-b8a7-565d-adec-ab9f5e2d5dd0" | Name: "Mathematical form"
- ID: "05f2dd5c-1cd2-5de3-a530-a86f4349cd49" | Name: "Statement of Gauss law"
RAW REPLY_ACCUM:
I understand you've acknowledged the mathematical form. That's a good step!

However, to ensure we're building a truly strong foundation, I'm waiting for your answers to the two questions I've asked twice now. Your responses to these will confirm your understanding of the core concepts that underpin Gauss's Law and its mathematical form.

Could you please elaborate on:

1.  How would you describe **"electric flux"** in your own words, perhaps using an analogy?
2.  And why do you think Gauss's Law specifically requires a ***closed*** **surface**?

Your explanation of these will help us proceed effectively.


SCORES_META:
{}
=== END ===


=== NEW INTERACTION: user_123_aa89f3b2-f800-5bc9-83d8-8663b9b11e4f ===
SUBTOPICS_CONTEXT:
- ID: "fba33b34-0a78-5a63-aa45-4deaa817f085" | Name: "Applications (Field due to infinite wire, Field due to infinite plane sheet, Field due to spherical shell)"
- ID: "ce64c988-b8a7-565d-adec-ab9f5e2d5dd0" | Name: "Mathematical form"
- ID: "05f2dd5c-1cd2-5de3-a530-a86f4349cd49" | Name: "Statement of Gauss law"
RAW REPLY_ACCUM:
Hello there!

I appreciate you reaching out, but I'm still waiting for your answers to the two questions I've posed. Your understanding of these concepts is crucial before we move forward with Gauss's Law.

Could you please share your thoughts on:

1.  How you would describe **"electric flux"** in your own words, perhaps using an analogy?
2.  And why you think Gauss's Law specifically requires a ***closed*** **surface**?

Your responses will help me tailor the next steps and ensure a solid learning foundation.


SCORES_META:
{}
=== END ===


=== NEW INTERACTION: user_123_ccc06e8d-df28-5138-ab69-be0ac563ae88 ===
SUBTOPICS_CONTEXT:
- ID: "26431506-2122-5e82-9c0b-e498f6936d6d" | Name: "Definition of force"
- ID: "bda8202a-f0bd-574d-87bc-657011a02956" | Name: "Examples (Gravitational force, Normal force, Tension, Friction)"
- ID: "5d8fb41c-ed52-53a9-8a45-2fc45053f3d1" | Name: "Types of forces (Contact forces, Non-contact forces)"
RAW REPLY_ACCUM:
Great choice! Understanding the types of forces is fundamental. Let's dive into "Types of forces (Contact forces, Non-contact forces)."

Based on our discussion, how would you categorize forces in terms of how they interact with objects? What are the two main types?

Once you tell me, we can explore some examples of each!


SCORES_META:
{}
=== END ===


=== NEW INTERACTION: user_123_ccc06e8d-df28-5138-ab69-be0ac563ae88 ===
SUBTOPICS_CONTEXT:
- ID: "26431506-2122-5e82-9c0b-e498f6936d6d" | Name: "Definition of force"
- ID: "bda8202a-f0bd-574d-87bc-657011a02956" | Name: "Examples (Gravitational force, Normal force, Tension, Friction)"
- ID: "5d8fb41c-ed52-53a9-8a45-2fc45053f3d1" | Name: "Types of forces (Contact forces, Non-contact forces)"
RAW REPLY_ACCUM:
Excellent! It sounds like you've got a handle on the two main categories. Just to quickly recap, forces are broadly divided into:

1.  **Contact Forces:** These occur when two objects are physically touching each other.
2.  **Non-contact Forces (or Field Forces):** These forces act on objects without direct physical contact, across a distance.

Now, based on these definitions, can you think of some specific examples of forces that would fit into each category? For instance, what happens when you push a box? What about when an apple falls from a tree?

Remember, the goal is for *you* to identify these examples!


SCORES_META:
{}
=== END ===
